<?xml version="1.0" encoding="UTF-8"?>
<!-- Generated by org.testng.reporters.JUnitReportReporter -->
<testsuite hostname="LAPTOP-ISJNOE6A" failures="0" tests="1" name="MylestonesTask2.MylestonesAutomationTestCases.LandingPage" time="44.845" errors="0" timestamp="2 Dec 2021 11:56:14 GMT">
  <testcase classname="MylestonesTask2.MylestonesAutomationTestCases.LandingPage" name="initaialise" time="44.845"/>
</testsuite> <!-- MylestonesTask2.MylestonesAutomationTestCases.LandingPage -->
