<?xml version="1.0" encoding="UTF-8"?>
<!-- Generated by org.testng.reporters.JUnitReportReporter -->
<testsuite hostname="LAPTOP-ISJNOE6A" failures="0" tests="1" name="MylestonesTask2.MylestonesAutomationTestCases.Register" time="21.071" errors="0" timestamp="2 Dec 2021 14:47:26 GMT">
  <testcase classname="MylestonesTask2.MylestonesAutomationTestCases.Register" name="RegistrationMethod" time="21.071"/>
</testsuite> <!-- MylestonesTask2.MylestonesAutomationTestCases.Register -->
